# JRE version: OpenJDK Runtime Environment (8.0_312-b07) (build 1.8.0_312-8u312-b07-0ubuntu1~20.04-b07)
# Java VM: OpenJDK 64-Bit Server VM (25.312-b07 mixed mode linux-amd64 compressed oops)
Heap:
 PSYoungGen      total 267776K, used 219995K [0x00000000eab00000, 0x0000000100000000, 0x0000000100000000)
  eden space 229376K, 79% used [0x00000000eab00000,0x00000000f5cb55b0,0x00000000f8b00000)
  from space 38400K, 99% used [0x00000000f8b00000,0x00000000fb021888,0x00000000fb080000)
  to   space 61440K, 0% used [0x00000000fc400000,0x00000000fc400000,0x0000000100000000)
 ParOldGen       total 278016K, used 63177K [0x00000000c0000000, 0x00000000d0f80000, 0x00000000eab00000)
  object space 278016K, 22% used [0x00000000c0000000,0x00000000c3db2650,0x00000000d0f80000)
 Metaspace       used 105842K, capacity 121121K, committed 121216K, reserved 1153024K
  class space    used 15471K, capacity 16988K, committed 17024K, reserved 1048576K
GC Heap History (10 events):
Event: 19.389 GC heap before
{Heap before GC invocations=11 (full 4):
 PSYoungGen      total 310784K, used 15566K [0x00000000eab00000, 0x0000000100000000, 0x0000000100000000)
  eden space 272384K, 0% used [0x00000000eab00000,0x00000000eab00000,0x00000000fb500000)
  from space 38400K, 40% used [0x00000000fb500000,0x00000000fc433bd0,0x00000000fda80000)
  to   space 35840K, 0% used [0x00000000fdd00000,0x00000000fdd00000,0x0000000100000000)
 ParOldGen       total 227328K, used 45872K [0x00000000c0000000, 0x00000000cde00000, 0x00000000eab00000)
  object space 227328K, 20% used [0x00000000c0000000,0x00000000c2ccc370,0x00000000cde00000)
 Metaspace       used 91274K, capacity 98497K, committed 98600K, reserved 1134592K
  class space    used 12713K, capacity 13228K, committed 13312K, reserved 1048576K
Event: 19.456 GC heap after
Heap after GC invocations=11 (full 4):
 PSYoungGen      total 310784K, used 0K [0x00000000eab00000, 0x0000000100000000, 0x0000000100000000)
  eden space 272384K, 0% used [0x00000000eab00000,0x00000000eab00000,0x00000000fb500000)
  from space 38400K, 0% used [0x00000000fb500000,0x00000000fb500000,0x00000000fda80000)
  to   space 35840K, 0% used [0x00000000fdd00000,0x00000000fdd00000,0x0000000100000000)
 ParOldGen       total 278016K, used 44067K [0x00000000c0000000, 0x00000000d0f80000, 0x00000000eab00000)
  object space 278016K, 15% used [0x00000000c0000000,0x00000000c2b08ca0,0x00000000d0f80000)
 Metaspace       used 91274K, capacity 98497K, committed 98600K, reserved 1134592K
  class space    used 12713K, capacity 13228K, committed 13312K, reserved 1048576K
}
Event: 20.775 GC heap before
{Heap before GC invocations=12 (full 4):
 PSYoungGen      total 310784K, used 272384K [0x00000000eab00000, 0x0000000100000000, 0x0000000100000000)
  eden space 272384K, 100% used [0x00000000eab00000,0x00000000fb500000,0x00000000fb500000)
  from space 38400K, 0% used [0x00000000fb500000,0x00000000fb500000,0x00000000fda80000)
  to   space 35840K, 0% used [0x00000000fdd00000,0x00000000fdd00000,0x0000000100000000)
 ParOldGen       total 278016K, used 44067K [0x00000000c0000000, 0x00000000d0f80000, 0x00000000eab00000)
  object space 278016K, 15% used [0x00000000c0000000,0x00000000c2b08ca0,0x00000000d0f80000)
 Metaspace       used 99759K, capacity 113557K, committed 113792K, reserved 1146880K
  class space    used 14525K, capacity 15931K, committed 16000K, reserved 1048576K
Event: 20.806 GC heap after
Heap after GC invocations=12 (full 4):
 PSYoungGen      total 301056K, used 35818K [0x00000000eab00000, 0x0000000100000000, 0x0000000100000000)
  eden space 265216K, 0% used [0x00000000eab00000,0x00000000eab00000,0x00000000fae00000)
  from space 35840K, 99% used [0x00000000fdd00000,0x00000000ffffa880,0x0000000100000000)
  to   space 41984K, 0% used [0x00000000fae00000,0x00000000fae00000,0x00000000fd700000)
 ParOldGen       total 278016K, used 44314K [0x00000000c0000000, 0x00000000d0f80000, 0x00000000eab00000)
  object space 278016K, 15% used [0x00000000c0000000,0x00000000c2b46948,0x00000000d0f80000)
 Metaspace       used 99759K, capacity 113557K, committed 113792K, reserved 1146880K
  class space    used 14525K, capacity 15931K, committed 16000K, reserved 1048576K
}
Event: 22.156 GC heap before
{Heap before GC invocations=13 (full 4):
 PSYoungGen      total 301056K, used 301034K [0x00000000eab00000, 0x0000000100000000, 0x0000000100000000)
  eden space 265216K, 100% used [0x00000000eab00000,0x00000000fae00000,0x00000000fae00000)
  from space 35840K, 99% used [0x00000000fdd00000,0x00000000ffffa880,0x0000000100000000)
  to   space 41984K, 0% used [0x00000000fae00000,0x00000000fae00000,0x00000000fd700000)
 ParOldGen       total 278016K, used 44314K [0x00000000c0000000, 0x00000000d0f80000, 0x00000000eab00000)
  object space 278016K, 15% used [0x00000000c0000000,0x00000000c2b46948,0x00000000d0f80000)
 Metaspace       used 100451K, capacity 114539K, committed 114688K, reserved 1148928K
  class space    used 14642K, capacity 16067K, committed 16128K, reserved 1048576K
Event: 22.231 GC heap after
Heap after GC invocations=13 (full 4):
 PSYoungGen      total 307200K, used 41962K [0x00000000eab00000, 0x0000000100000000, 0x0000000100000000)
  eden space 265216K, 0% used [0x00000000eab00000,0x00000000eab00000,0x00000000fae00000)
  from space 41984K, 99% used [0x00000000fae00000,0x00000000fd6fa9c0,0x00000000fd700000)
  to   space 41984K, 0% used [0x00000000fd700000,0x00000000fd700000,0x0000000100000000)
 ParOldGen       total 278016K, used 60896K [0x00000000c0000000, 0x00000000d0f80000, 0x00000000eab00000)
  object space 278016K, 21% used [0x00000000c0000000,0x00000000c3b78208,0x00000000d0f80000)
 Metaspace       used 100451K, capacity 114539K, committed 114688K, reserved 1148928K
  class space    used 14642K, capacity 16067K, committed 16128K, reserved 1048576K
}
Event: 41.830 GC heap before
{Heap before GC invocations=14 (full 4):
 PSYoungGen      total 307200K, used 307178K [0x00000000eab00000, 0x0000000100000000, 0x0000000100000000)
  eden space 265216K, 100% used [0x00000000eab00000,0x00000000fae00000,0x00000000fae00000)
  from space 41984K, 99% used [0x00000000fae00000,0x00000000fd6fa9c0,0x00000000fd700000)
  to   space 41984K, 0% used [0x00000000fd700000,0x00000000fd700000,0x0000000100000000)
 ParOldGen       total 278016K, used 60896K [0x00000000c0000000, 0x00000000d0f80000, 0x00000000eab00000)
  object space 278016K, 21% used [0x00000000c0000000,0x00000000c3b78208,0x00000000d0f80000)
 Metaspace       used 101364K, capacity 115795K, committed 115968K, reserved 1148928K
  class space    used 14811K, capacity 16273K, committed 16384K, reserved 1048576K
Event: 41.851 GC heap after
Heap after GC invocations=14 (full 4):
 PSYoungGen      total 271360K, used 41962K [0x00000000eab00000, 0x0000000100000000, 0x0000000100000000)
  eden space 229376K, 0% used [0x00000000eab00000,0x00000000eab00000,0x00000000f8b00000)
  from space 41984K, 99% used [0x00000000fd700000,0x00000000ffffa860,0x0000000100000000)
  to   space 59904K, 0% used [0x00000000f8b00000,0x00000000f8b00000,0x00000000fc580000)
 ParOldGen       total 278016K, used 63177K [0x00000000c0000000, 0x00000000d0f80000, 0x00000000eab00000)
  object space 278016K, 22% used [0x00000000c0000000,0x00000000c3db2650,0x00000000d0f80000)
 Metaspace       used 101364K, capacity 115795K, committed 115968K, reserved 1148928K
  class space    used 14811K, capacity 16273K, committed 16384K, reserved 1048576K
}
Event: 42.103 GC heap before
{Heap before GC invocations=15 (full 4):
 PSYoungGen      total 271360K, used 271338K [0x00000000eab00000, 0x0000000100000000, 0x0000000100000000)
  eden space 229376K, 100% used [0x00000000eab00000,0x00000000f8b00000,0x00000000f8b00000)
  from space 41984K, 99% used [0x00000000fd700000,0x00000000ffffa860,0x0000000100000000)
  to   space 59904K, 0% used [0x00000000f8b00000,0x00000000f8b00000,0x00000000fc580000)
 ParOldGen       total 278016K, used 63177K [0x00000000c0000000, 0x00000000d0f80000, 0x00000000eab00000)
  object space 278016K, 22% used [0x00000000c0000000,0x00000000c3db2650,0x00000000d0f80000)
 Metaspace       used 101429K, capacity 115871K, committed 116224K, reserved 1148928K
  class space    used 14815K, capacity 16275K, committed 16384K, reserved 1048576K
Event: 42.119 GC heap after
Heap after GC invocations=15 (full 4):
 PSYoungGen      total 267776K, used 38022K [0x00000000eab00000, 0x0000000100000000, 0x0000000100000000)
  eden space 229376K, 0% used [0x00000000eab00000,0x00000000eab00000,0x00000000f8b00000)
  from space 38400K, 99% used [0x00000000f8b00000,0x00000000fb021888,0x00000000fb080000)
  to   space 61440K, 0% used [0x00000000fc400000,0x00000000fc400000,0x0000000100000000)
 ParOldGen       total 278016K, used 63177K [0x00000000c0000000, 0x00000000d0f80000, 0x00000000eab00000)
  object space 278016K, 22% used [0x00000000c0000000,0x00000000c3db2650,0x00000000d0f80000)
 Metaspace       used 101429K, capacity 115871K, committed 116224K, reserved 1148928K
  class space    used 14815K, capacity 16275K, committed 16384K, reserved 1048576K
}

