# JRE version: OpenJDK Runtime Environment (8.0_312-b07) (build 1.8.0_312-8u312-b07-0ubuntu1~20.04-b07)
# Java VM: OpenJDK 64-Bit Server VM (25.312-b07 mixed mode linux-amd64 compressed oops)
Heap:
 PSYoungGen      total 300544K, used 113572K [0x00000000eab00000, 0x00000000ff980000, 0x0000000100000000)
  eden space 257536K, 38% used [0x00000000eab00000,0x00000000f0b7bf18,0x00000000fa680000)
  from space 43008K, 34% used [0x00000000fcf80000,0x00000000fdded0e8,0x00000000ff980000)
  to   space 41984K, 0% used [0x00000000fa680000,0x00000000fa680000,0x00000000fcf80000)
 ParOldGen       total 291840K, used 192195K [0x00000000c0000000, 0x00000000d1d00000, 0x00000000eab00000)
  object space 291840K, 65% used [0x00000000c0000000,0x00000000cbbb0ed8,0x00000000d1d00000)
 Metaspace       used 125323K, capacity 149925K, committed 150144K, reserved 1177600K
  class space    used 18387K, capacity 21012K, committed 21120K, reserved 1048576K
GC Heap History (10 events):
Event: 22.377 GC heap before
{Heap before GC invocations=20 (full 4):
 PSYoungGen      total 299008K, used 287738K [0x00000000eab00000, 0x0000000100000000, 0x0000000100000000)
  eden space 252416K, 100% used [0x00000000eab00000,0x00000000fa180000,0x00000000fa180000)
  from space 46592K, 75% used [0x00000000fa180000,0x00000000fc3fe998,0x00000000fcf00000)
  to   space 49664K, 0% used [0x00000000fcf80000,0x00000000fcf80000,0x0000000100000000)
 ParOldGen       total 291840K, used 117034K [0x00000000c0000000, 0x00000000d1d00000, 0x00000000eab00000)
  object space 291840K, 40% used [0x00000000c0000000,0x00000000c724aa00,0x00000000d1d00000)
 Metaspace       used 115791K, capacity 139469K, committed 139648K, reserved 1169408K
  class space    used 17505K, capacity 20040K, committed 20096K, reserved 1048576K
Event: 22.407 GC heap after
Heap after GC invocations=20 (full 4):
 PSYoungGen      total 299520K, used 6137K [0x00000000eab00000, 0x0000000100000000, 0x0000000100000000)
  eden space 249856K, 0% used [0x00000000eab00000,0x00000000eab00000,0x00000000f9f00000)
  from space 49664K, 12% used [0x00000000fcf80000,0x00000000fd57e558,0x0000000100000000)
  to   space 49664K, 0% used [0x00000000f9f00000,0x00000000f9f00000,0x00000000fcf80000)
 ParOldGen       total 291840K, used 149376K [0x00000000c0000000, 0x00000000d1d00000, 0x00000000eab00000)
  object space 291840K, 51% used [0x00000000c0000000,0x00000000c91e0170,0x00000000d1d00000)
 Metaspace       used 115791K, capacity 139469K, committed 139648K, reserved 1169408K
  class space    used 17505K, capacity 20040K, committed 20096K, reserved 1048576K
}
Event: 22.690 GC heap before
{Heap before GC invocations=21 (full 4):
 PSYoungGen      total 299520K, used 255986K [0x00000000eab00000, 0x0000000100000000, 0x0000000100000000)
  eden space 249856K, 99% used [0x00000000eab00000,0x00000000f9efe418,0x00000000f9f00000)
  from space 49664K, 12% used [0x00000000fcf80000,0x00000000fd57e558,0x0000000100000000)
  to   space 49664K, 0% used [0x00000000f9f00000,0x00000000f9f00000,0x00000000fcf80000)
 ParOldGen       total 291840K, used 149376K [0x00000000c0000000, 0x00000000d1d00000, 0x00000000eab00000)
  object space 291840K, 51% used [0x00000000c0000000,0x00000000c91e0170,0x00000000d1d00000)
 Metaspace       used 116657K, capacity 140679K, committed 140928K, reserved 1169408K
  class space    used 17671K, capacity 20242K, committed 20352K, reserved 1048576K
Event: 22.697 GC heap after
Heap after GC invocations=21 (full 4):
 PSYoungGen      total 260096K, used 9754K [0x00000000eab00000, 0x00000000ffd00000, 0x0000000100000000)
  eden space 249856K, 0% used [0x00000000eab00000,0x00000000eab00000,0x00000000f9f00000)
  from space 10240K, 95% used [0x00000000f9f00000,0x00000000fa886ae0,0x00000000fa900000)
  to   space 48128K, 0% used [0x00000000fce00000,0x00000000fce00000,0x00000000ffd00000)
 ParOldGen       total 291840K, used 151001K [0x00000000c0000000, 0x00000000d1d00000, 0x00000000eab00000)
  object space 291840K, 51% used [0x00000000c0000000,0x00000000c93767f0,0x00000000d1d00000)
 Metaspace       used 116657K, capacity 140679K, committed 140928K, reserved 1169408K
  class space    used 17671K, capacity 20242K, committed 20352K, reserved 1048576K
}
Event: 22.985 GC heap before
{Heap before GC invocations=22 (full 4):
 PSYoungGen      total 260096K, used 259610K [0x00000000eab00000, 0x00000000ffd00000, 0x0000000100000000)
  eden space 249856K, 100% used [0x00000000eab00000,0x00000000f9f00000,0x00000000f9f00000)
  from space 10240K, 95% used [0x00000000f9f00000,0x00000000fa886ae0,0x00000000fa900000)
  to   space 48128K, 0% used [0x00000000fce00000,0x00000000fce00000,0x00000000ffd00000)
 ParOldGen       total 291840K, used 151001K [0x00000000c0000000, 0x00000000d1d00000, 0x00000000eab00000)
  object space 291840K, 51% used [0x00000000c0000000,0x00000000c93767f0,0x00000000d1d00000)
 Metaspace       used 116786K, capacity 140839K, committed 141184K, reserved 1169408K
  class space    used 17672K, capacity 20242K, committed 20352K, reserved 1048576K
Event: 22.991 GC heap after
Heap after GC invocations=22 (full 4):
 PSYoungGen      total 300032K, used 12800K [0x00000000eab00000, 0x0000000100000000, 0x0000000100000000)
  eden space 251904K, 0% used [0x00000000eab00000,0x00000000eab00000,0x00000000fa100000)
  from space 48128K, 26% used [0x00000000fce00000,0x00000000fda800e0,0x00000000ffd00000)
  to   space 46080K, 0% used [0x00000000fa100000,0x00000000fa100000,0x00000000fce00000)
 ParOldGen       total 291840K, used 161867K [0x00000000c0000000, 0x00000000d1d00000, 0x00000000eab00000)
  object space 291840K, 55% used [0x00000000c0000000,0x00000000c9e12d68,0x00000000d1d00000)
 Metaspace       used 116786K, capacity 140839K, committed 141184K, reserved 1169408K
  class space    used 17672K, capacity 20242K, committed 20352K, reserved 1048576K
}
Event: 23.119 GC heap before
{Heap before GC invocations=23 (full 4):
 PSYoungGen      total 300032K, used 264704K [0x00000000eab00000, 0x0000000100000000, 0x0000000100000000)
  eden space 251904K, 100% used [0x00000000eab00000,0x00000000fa100000,0x00000000fa100000)
  from space 48128K, 26% used [0x00000000fce00000,0x00000000fda800e0,0x00000000ffd00000)
  to   space 46080K, 0% used [0x00000000fa100000,0x00000000fa100000,0x00000000fce00000)
 ParOldGen       total 291840K, used 161867K [0x00000000c0000000, 0x00000000d1d00000, 0x00000000eab00000)
  object space 291840K, 55% used [0x00000000c0000000,0x00000000c9e12d68,0x00000000d1d00000)
 Metaspace       used 116848K, capacity 140915K, committed 141184K, reserved 1169408K
  class space    used 17674K, capacity 20242K, committed 20352K, reserved 1048576K
Event: 23.125 GC heap after
Heap after GC invocations=23 (full 4):
 PSYoungGen      total 297984K, used 12544K [0x00000000eab00000, 0x00000000ffb00000, 0x0000000100000000)
  eden space 251904K, 0% used [0x00000000eab00000,0x00000000eab00000,0x00000000fa100000)
  from space 46080K, 27% used [0x00000000fa100000,0x00000000fad400c0,0x00000000fce00000)
  to   space 44544K, 0% used [0x00000000fcf80000,0x00000000fcf80000,0x00000000ffb00000)
 ParOldGen       total 291840K, used 172163K [0x00000000c0000000, 0x00000000d1d00000, 0x00000000eab00000)
  object space 291840K, 58% used [0x00000000c0000000,0x00000000ca820db8,0x00000000d1d00000)
 Metaspace       used 116848K, capacity 140915K, committed 141184K, reserved 1169408K
  class space    used 17674K, capacity 20242K, committed 20352K, reserved 1048576K
}
Event: 23.359 GC heap before
{Heap before GC invocations=24 (full 4):
 PSYoungGen      total 297984K, used 264448K [0x00000000eab00000, 0x00000000ffb00000, 0x0000000100000000)
  eden space 251904K, 100% used [0x00000000eab00000,0x00000000fa100000,0x00000000fa100000)
  from space 46080K, 27% used [0x00000000fa100000,0x00000000fad400c0,0x00000000fce00000)
  to   space 44544K, 0% used [0x00000000fcf80000,0x00000000fcf80000,0x00000000ffb00000)
 ParOldGen       total 291840K, used 172163K [0x00000000c0000000, 0x00000000d1d00000, 0x00000000eab00000)
  object space 291840K, 58% used [0x00000000c0000000,0x00000000ca820db8,0x00000000d1d00000)
 Metaspace       used 117523K, capacity 141609K, committed 141696K, reserved 1171456K
  class space    used 17701K, capacity 20277K, committed 20352K, reserved 1048576K
Event: 23.376 GC heap after
Heap after GC invocations=24 (full 4):
 PSYoungGen      total 300544K, used 14772K [0x00000000eab00000, 0x00000000ff980000, 0x0000000100000000)
  eden space 257536K, 0% used [0x00000000eab00000,0x00000000eab00000,0x00000000fa680000)
  from space 43008K, 34% used [0x00000000fcf80000,0x00000000fdded0e8,0x00000000ff980000)
  to   space 41984K, 0% used [0x00000000fa680000,0x00000000fa680000,0x00000000fcf80000)
 ParOldGen       total 291840K, used 192195K [0x00000000c0000000, 0x00000000d1d00000, 0x00000000eab00000)
  object space 291840K, 65% used [0x00000000c0000000,0x00000000cbbb0ed8,0x00000000d1d00000)
 Metaspace       used 117523K, capacity 141609K, committed 141696K, reserved 1171456K
  class space    used 17701K, capacity 20277K, committed 20352K, reserved 1048576K
}

