# JRE version: OpenJDK Runtime Environment (8.0_312-b07) (build 1.8.0_312-8u312-b07-0ubuntu1~20.04-b07)
# Java VM: OpenJDK 64-Bit Server VM (25.312-b07 mixed mode linux-amd64 compressed oops)
Heap:
 PSYoungGen      total 301056K, used 230300K [0x00000000eab00000, 0x00000000ff080000, 0x0000000100000000)
  eden space 284160K, 76% used [0x00000000eab00000,0x00000000f7e179e8,0x00000000fc080000)
  from space 16896K, 83% used [0x00000000fe000000,0x00000000fedcf7e8,0x00000000ff080000)
  to   space 24576K, 0% used [0x00000000fc080000,0x00000000fc080000,0x00000000fd880000)
 ParOldGen       total 263680K, used 39486K [0x00000000c0000000, 0x00000000d0180000, 0x00000000eab00000)
  object space 263680K, 14% used [0x00000000c0000000,0x00000000c268fac0,0x00000000d0180000)
 Metaspace       used 101777K, capacity 114434K, committed 114688K, reserved 1148928K
  class space    used 14674K, capacity 15797K, committed 15872K, reserved 1048576K
GC Heap History (10 events):
Event: 5.610 GC heap before
{Heap before GC invocations=10 (full 3):
 PSYoungGen      total 184320K, used 15521K [0x00000000eab00000, 0x00000000fbc80000, 0x0000000100000000)
  eden space 167936K, 0% used [0x00000000eab00000,0x00000000eab00000,0x00000000f4f00000)
  from space 16384K, 94% used [0x00000000f4f00000,0x00000000f5e28680,0x00000000f5f00000)
  to   space 18944K, 0% used [0x00000000faa00000,0x00000000faa00000,0x00000000fbc80000)
 ParOldGen       total 132608K, used 20626K [0x00000000c0000000, 0x00000000c8180000, 0x00000000eab00000)
  object space 132608K, 15% used [0x00000000c0000000,0x00000000c1424b40,0x00000000c8180000)
 Metaspace       used 55667K, capacity 59107K, committed 59160K, reserved 1099776K
  class space    used 7677K, capacity 8011K, committed 8064K, reserved 1048576K
Event: 5.683 GC heap after
Heap after GC invocations=10 (full 3):
 PSYoungGen      total 184320K, used 0K [0x00000000eab00000, 0x00000000fbc80000, 0x0000000100000000)
  eden space 167936K, 0% used [0x00000000eab00000,0x00000000eab00000,0x00000000f4f00000)
  from space 16384K, 0% used [0x00000000f4f00000,0x00000000f4f00000,0x00000000f5f00000)
  to   space 18944K, 0% used [0x00000000faa00000,0x00000000faa00000,0x00000000fbc80000)
 ParOldGen       total 188928K, used 24003K [0x00000000c0000000, 0x00000000cb880000, 0x00000000eab00000)
  object space 188928K, 12% used [0x00000000c0000000,0x00000000c1770c88,0x00000000cb880000)
 Metaspace       used 55663K, capacity 59095K, committed 59160K, reserved 1099776K
  class space    used 7676K, capacity 8009K, committed 8064K, reserved 1048576K
}
Event: 6.991 GC heap before
{Heap before GC invocations=11 (full 3):
 PSYoungGen      total 184320K, used 167936K [0x00000000eab00000, 0x00000000fbc80000, 0x0000000100000000)
  eden space 167936K, 100% used [0x00000000eab00000,0x00000000f4f00000,0x00000000f4f00000)
  from space 16384K, 0% used [0x00000000f4f00000,0x00000000f4f00000,0x00000000f5f00000)
  to   space 18944K, 0% used [0x00000000faa00000,0x00000000faa00000,0x00000000fbc80000)
 ParOldGen       total 188928K, used 24003K [0x00000000c0000000, 0x00000000cb880000, 0x00000000eab00000)
  object space 188928K, 12% used [0x00000000c0000000,0x00000000c1770c88,0x00000000cb880000)
 Metaspace       used 75955K, capacity 80817K, committed 81152K, reserved 1120256K
  class space    used 10547K, capacity 10971K, committed 11008K, reserved 1048576K
Event: 7.001 GC heap after
Heap after GC invocations=11 (full 3):
 PSYoungGen      total 254976K, used 18928K [0x00000000eab00000, 0x00000000fbc80000, 0x0000000100000000)
  eden space 236032K, 0% used [0x00000000eab00000,0x00000000eab00000,0x00000000f9180000)
  from space 18944K, 99% used [0x00000000faa00000,0x00000000fbc7c3a0,0x00000000fbc80000)
  to   space 22016K, 0% used [0x00000000f9180000,0x00000000f9180000,0x00000000fa700000)
 ParOldGen       total 188928K, used 25505K [0x00000000c0000000, 0x00000000cb880000, 0x00000000eab00000)
  object space 188928K, 13% used [0x00000000c0000000,0x00000000c18e8740,0x00000000cb880000)
 Metaspace       used 75955K, capacity 80817K, committed 81152K, reserved 1120256K
  class space    used 10547K, capacity 10971K, committed 11008K, reserved 1048576K
}
Event: 8.246 GC heap before
{Heap before GC invocations=12 (full 3):
 PSYoungGen      total 254976K, used 185725K [0x00000000eab00000, 0x00000000fbc80000, 0x0000000100000000)
  eden space 236032K, 70% used [0x00000000eab00000,0x00000000f4de3358,0x00000000f9180000)
  from space 18944K, 99% used [0x00000000faa00000,0x00000000fbc7c3a0,0x00000000fbc80000)
  to   space 22016K, 0% used [0x00000000f9180000,0x00000000f9180000,0x00000000fa700000)
 ParOldGen       total 188928K, used 25505K [0x00000000c0000000, 0x00000000cb880000, 0x00000000eab00000)
  object space 188928K, 13% used [0x00000000c0000000,0x00000000c18e8740,0x00000000cb880000)
 Metaspace       used 91166K, capacity 98546K, committed 98600K, reserved 1134592K
  class space    used 12714K, capacity 13258K, committed 13312K, reserved 1048576K
Event: 8.258 GC heap after
Heap after GC invocations=12 (full 3):
 PSYoungGen      total 258048K, used 21480K [0x00000000eab00000, 0x00000000ff880000, 0x0000000100000000)
  eden space 236032K, 0% used [0x00000000eab00000,0x00000000eab00000,0x00000000f9180000)
  from space 22016K, 97% used [0x00000000f9180000,0x00000000fa67a158,0x00000000fa700000)
  to   space 25088K, 0% used [0x00000000fe000000,0x00000000fe000000,0x00000000ff880000)
 ParOldGen       total 188928K, used 25513K [0x00000000c0000000, 0x00000000cb880000, 0x00000000eab00000)
  object space 188928K, 13% used [0x00000000c0000000,0x00000000c18ea740,0x00000000cb880000)
 Metaspace       used 91166K, capacity 98546K, committed 98600K, reserved 1134592K
  class space    used 12714K, capacity 13258K, committed 13312K, reserved 1048576K
}
Event: 8.258 GC heap before
{Heap before GC invocations=13 (full 4):
 PSYoungGen      total 258048K, used 21480K [0x00000000eab00000, 0x00000000ff880000, 0x0000000100000000)
  eden space 236032K, 0% used [0x00000000eab00000,0x00000000eab00000,0x00000000f9180000)
  from space 22016K, 97% used [0x00000000f9180000,0x00000000fa67a158,0x00000000fa700000)
  to   space 25088K, 0% used [0x00000000fe000000,0x00000000fe000000,0x00000000ff880000)
 ParOldGen       total 188928K, used 25513K [0x00000000c0000000, 0x00000000cb880000, 0x00000000eab00000)
  object space 188928K, 13% used [0x00000000c0000000,0x00000000c18ea740,0x00000000cb880000)
 Metaspace       used 91166K, capacity 98546K, committed 98600K, reserved 1134592K
  class space    used 12714K, capacity 13258K, committed 13312K, reserved 1048576K
Event: 8.319 GC heap after
Heap after GC invocations=13 (full 4):
 PSYoungGen      total 258048K, used 0K [0x00000000eab00000, 0x00000000ff880000, 0x0000000100000000)
  eden space 236032K, 0% used [0x00000000eab00000,0x00000000eab00000,0x00000000f9180000)
  from space 22016K, 0% used [0x00000000f9180000,0x00000000f9180000,0x00000000fa700000)
  to   space 25088K, 0% used [0x00000000fe000000,0x00000000fe000000,0x00000000ff880000)
 ParOldGen       total 263680K, used 39478K [0x00000000c0000000, 0x00000000d0180000, 0x00000000eab00000)
  object space 263680K, 14% used [0x00000000c0000000,0x00000000c268dac0,0x00000000d0180000)
 Metaspace       used 91166K, capacity 98546K, committed 98600K, reserved 1134592K
  class space    used 12714K, capacity 13258K, committed 13312K, reserved 1048576K
}
Event: 10.264 GC heap before
{Heap before GC invocations=14 (full 4):
 PSYoungGen      total 258048K, used 236032K [0x00000000eab00000, 0x00000000ff880000, 0x0000000100000000)
  eden space 236032K, 100% used [0x00000000eab00000,0x00000000f9180000,0x00000000f9180000)
  from space 22016K, 0% used [0x00000000f9180000,0x00000000f9180000,0x00000000fa700000)
  to   space 25088K, 0% used [0x00000000fe000000,0x00000000fe000000,0x00000000ff880000)
 ParOldGen       total 263680K, used 39478K [0x00000000c0000000, 0x00000000d0180000, 0x00000000eab00000)
  object space 263680K, 14% used [0x00000000c0000000,0x00000000c268dac0,0x00000000d0180000)
 Metaspace       used 100319K, capacity 112348K, committed 112512K, reserved 1146880K
  class space    used 14386K, capacity 15432K, committed 15488K, reserved 1048576K
Event: 10.273 GC heap after
Heap after GC invocations=14 (full 4):
 PSYoungGen      total 301056K, used 14141K [0x00000000eab00000, 0x00000000ff080000, 0x0000000100000000)
  eden space 284160K, 0% used [0x00000000eab00000,0x00000000eab00000,0x00000000fc080000)
  from space 16896K, 83% used [0x00000000fe000000,0x00000000fedcf7e8,0x00000000ff080000)
  to   space 24576K, 0% used [0x00000000fc080000,0x00000000fc080000,0x00000000fd880000)
 ParOldGen       total 263680K, used 39486K [0x00000000c0000000, 0x00000000d0180000, 0x00000000eab00000)
  object space 263680K, 14% used [0x00000000c0000000,0x00000000c268fac0,0x00000000d0180000)
 Metaspace       used 100319K, capacity 112348K, committed 112512K, reserved 1146880K
  class space    used 14386K, capacity 15432K, committed 15488K, reserved 1048576K
}

